<?xml version="1.0" encoding="UTF-8"?>
<testng-results skipped="0" failed="0" ignored="0" total="1" passed="1">
  <reporter-output>
  </reporter-output>
  <suite name="Default suite" duration-ms="10932" started-at="2021-03-09T19:27:20 CST" finished-at="2021-03-09T19:27:31 CST">
    <groups>
    </groups>
    <test name="Default test" duration-ms="10932" started-at="2021-03-09T19:27:20 CST" finished-at="2021-03-09T19:27:31 CST">
      <class name="test.LoginTest">
        <test-method status="PASS" signature="validUserShouldBeAbleToLogin()[pri:0, instance:test.LoginTest@776aec5c]" name="validUserShouldBeAbleToLogin" duration-ms="10882" started-at="2021-03-09T19:27:20 CST" finished-at="2021-03-09T19:27:31 CST">
          <reporter-output>
          </reporter-output>
        </test-method> <!-- validUserShouldBeAbleToLogin -->
      </class> <!-- test.LoginTest -->
    </test> <!-- Default test -->
  </suite> <!-- Default suite -->
</testng-results>
